<?xml version="1.0" encoding="UTF-8"?>
<testsuite xmlns:xsi="http://www.w3.org/2001/XMLSchema-instance" xsi:noNamespaceSchemaLocation="https://maven.apache.org/surefire/maven-surefire-plugin/xsd/surefire-test-report.xsd" version="3.0.2" name="com.example.MyFirstAPI.MyFirstApiApplicationTests" time="8.883" tests="1" errors="0" skipped="0" failures="0" flakes="0">
  <properties>
[...]
</properties>
  <testcase name="contextLoads" classname="com.example.MyFirstAPI.MyFirstApiApplicationTests" time="2.173">
    <system-out><![CDATA[16:45:17.456 [main] INFO org.springframework.test.context.support.AnnotationConfigContextLoaderUtils -- Could not detect default configuration classes for test class [com.example.MyFirstAPI.MyFirstApiApplicationTests]: MyFirstApiApplicationTests does not declare any static, non-private, non-final, nested classes annotated with @Configuration.
16:45:17.861 [main] INFO org.springframework.boot.test.context.SpringBootTestContextBootstrapper -- Found @SpringBootConfiguration com.example.MyFirstApiApplication for test class com.example.MyFirstAPI.MyFirstApiApplicationTests
16:45:18.310 [main] INFO org.springframework.test.context.support.AnnotationConfigContextLoaderUtils -- Could not detect default configuration classes for test class [com.example.MyFirstAPI.MyFirstApiApplicationTests]: MyFirstApiApplicationTests does not declare any static, non-private, non-final, nested classes annotated with @Configuration.
16:45:18.317 [main] INFO org.springframework.boot.test.context.SpringBootTestContextBootstrapper -- Found @SpringBootConfiguration com.example.MyFirstApiApplication for test class com.example.MyFirstAPI.MyFirstApiApplicationTests

  .   ____          _            __ _ _
 /\\ / ___'_ __ _ _(_)_ __  __ _ \ \ \ \
( ( )\___ | '_ | '_| | '_ \/ _` | \ \ \ \
 \\/  ___)| |_)| | | | | || (_| |  ) ) ) )
  '  |____| .__|_| |_|_| |_\__, | / / / /
 =========|_|==============|___/=/_/_/_/

 :: Spring Boot ::                (v4.0.5)

2026-04-21T16:45:19.838+05:30  INFO 12152 --- [MyFirstAPI] [           main] c.e.M.MyFirstApiApplicationTests         : Starting MyFirstApiApplicationTests using Java 22.0.1 with PID 12152 (started by keert in C:\Users\keert\Downloads\MyFirstAPI\MyFirstAPI)
2026-04-21T16:45:19.843+05:30  INFO 12152 --- [MyFirstAPI] [           main] c.e.M.MyFirstApiApplicationTests         : No active profile set, falling back to 1 default profile: "default"
2026-04-21T16:45:23.475+05:30  INFO 12152 --- [MyFirstAPI] [           main] c.e.M.MyFirstApiApplicationTests         : Started MyFirstApiApplicationTests in 4.931 seconds (process running for 8.822)
]]></system-out>
    <system-err><![CDATA[Mockito is currently self-attaching to enable the inline-mock-maker. This will no longer work in future releases of the JDK. Please add Mockito as an agent to your build as described in Mockito's documentation: https://javadoc.io/doc/org.mockito/mockito-core/latest/org.mockito/org/mockito/Mockito.html#0.3
WARNING: A Java agent has been loaded dynamically (C:\Users\keert\.m2\repository\net\bytebuddy\byte-buddy-agent\1.17.8\byte-buddy-agent-1.17.8.jar)
WARNING: If a serviceability tool is in use, please run with -XX:+EnableDynamicAgentLoading to hide this warning
WARNING: If a serviceability tool is not in use, please run with -Djdk.instrument.traceUsage for more information
WARNING: Dynamic loading of agents will be disallowed by default in a future release
]]></system-err>
  </testcase>
</testsuite>